2015-07-05 19:32:40,329 [localhost-startStop-1] ERROR StackTrace  - Full Stack Trace:
org.springframework.beans.factory.BeanCreationException: Error creating bean with name 'grailsApplicationPostProcessor': BeanPostProcessor before instantiation of bean failed; nested exception is org.springframework.beans.factory.BeanCreationException: Error creating bean with name 'org.springframework.transaction.config.internalTransactionAdvisor': Cannot resolve reference to bean 'org.springframework.transaction.annotation.AnnotationTransactionAttributeSource#0' while setting bean property 'transactionAttributeSource'; nested exception is org.springframework.beans.factory.BeanCreationException: Error creating bean with name 'org.springframework.transaction.annotation.AnnotationTransactionAttributeSource#0': Initialization of bean failed; nested exception is java.lang.NoSuchMethodError: org.springframework.cache.annotation.CacheAnnotationParser.parseCacheAnnotations(Ljava/lang/reflect/AnnotatedElement;)Ljava/util/Collection;
	at org.springframework.beans.factory.support.AbstractAutowireCapableBeanFactory.createBean(AbstractAutowireCapableBeanFactory.java:472)
	at org.springframework.beans.factory.support.AbstractBeanFactory$1.getObject(AbstractBeanFactory.java:303)
	at org.springframework.beans.factory.support.DefaultSingletonBeanRegistry.getSingleton(DefaultSingletonBeanRegistry.java:230)
	at org.springframework.beans.factory.support.AbstractBeanFactory.doGetBean(AbstractBeanFactory.java:299)
	at org.springframework.beans.factory.support.AbstractBeanFactory.getBean(AbstractBeanFactory.java:199)
	at org.springframework.context.support.PostProcessorRegistrationDelegate.registerBeanPostProcessors(PostProcessorRegistrationDelegate.java:232)
	at org.springframework.context.support.AbstractApplicationContext.registerBeanPostProcessors(AbstractApplicationContext.java:615)
	at org.springframework.context.support.AbstractApplicationContext.refresh(AbstractApplicationContext.java:465)
	at org.codehaus.groovy.grails.commons.spring.DefaultRuntimeSpringConfiguration.getApplicationContext(DefaultRuntimeSpringConfiguration.java:156)
	at org.codehaus.groovy.grails.commons.spring.GrailsRuntimeConfigurator.initializeContext(GrailsRuntimeConfigurator.java:188)
	at org.codehaus.groovy.grails.commons.spring.GrailsRuntimeConfigurator.configure(GrailsRuntimeConfigurator.java:168)
	at org.codehaus.groovy.grails.commons.spring.GrailsRuntimeConfigurator.configure(GrailsRuntimeConfigurator.java:127)
	at org.codehaus.groovy.grails.web.context.GrailsConfigUtils.configureWebApplicationContext(GrailsConfigUtils.java:126)
	at org.codehaus.groovy.grails.web.context.GrailsContextLoaderListener.initWebApplicationContext(GrailsContextLoaderListener.java:109)
	at org.springframework.web.context.ContextLoaderListener.contextInitialized(ContextLoaderListener.java:106)
	at org.apache.catalina.core.StandardContext.listenerStart(StandardContext.java:4973)
	at org.apache.catalina.core.StandardContext.startInternal(StandardContext.java:5467)
	at org.apache.catalina.util.LifecycleBase.start(LifecycleBase.java:150)
	at org.apache.catalina.core.ContainerBase$StartChild.call(ContainerBase.java:1559)
	at org.apache.catalina.core.ContainerBase$StartChild.call(ContainerBase.java:1549)
	at java.util.concurrent.FutureTask.run(FutureTask.java:266)
	at java.util.concurrent.ThreadPoolExecutor.runWorker(ThreadPoolExecutor.java:1142)
	at java.util.concurrent.ThreadPoolExecutor$Worker.run(ThreadPoolExecutor.java:617)
	at java.lang.Thread.run(Thread.java:745)
Caused by: org.springframework.beans.factory.BeanCreationException: Error creating bean with name 'org.springframework.transaction.config.internalTransactionAdvisor': Cannot resolve reference to bean 'org.springframework.transaction.annotation.AnnotationTransactionAttributeSource#0' while setting bean property 'transactionAttributeSource'; nested exception is org.springframework.beans.factory.BeanCreationException: Error creating bean with name 'org.springframework.transaction.annotation.AnnotationTransactionAttributeSource#0': Initialization of bean failed; nested exception is java.lang.NoSuchMethodError: org.springframework.cache.annotation.CacheAnnotationParser.parseCacheAnnotations(Ljava/lang/reflect/AnnotatedElement;)Ljava/util/Collection;
	at org.springframework.beans.factory.support.BeanDefinitionValueResolver.resolveReference(BeanDefinitionValueResolver.java:359)
	at org.springframework.beans.factory.support.BeanDefinitionValueResolver.resolveValueIfNecessary(BeanDefinitionValueResolver.java:108)
	at org.springframework.beans.factory.support.AbstractAutowireCapableBeanFactory.applyPropertyValues(AbstractAutowireCapableBeanFactory.java:1469)
	at org.springframework.beans.factory.support.AbstractAutowireCapableBeanFactory.populateBean(AbstractAutowireCapableBeanFactory.java:1214)
	at org.springframework.beans.factory.support.AbstractAutowireCapableBeanFactory.doCreateBean(AbstractAutowireCapableBeanFactory.java:537)
	at org.springframework.beans.factory.support.AbstractAutowireCapableBeanFactory.createBean(AbstractAutowireCapableBeanFactory.java:476)
	at org.springframework.beans.factory.support.AbstractBeanFactory$1.getObject(AbstractBeanFactory.java:303)
	at org.springframework.beans.factory.support.DefaultSingletonBeanRegistry.getSingleton(DefaultSingletonBeanRegistry.java:230)
	at org.springframework.beans.factory.support.AbstractBeanFactory.doGetBean(AbstractBeanFactory.java:299)
	at org.springframework.beans.factory.support.AbstractBeanFactory.getBean(AbstractBeanFactory.java:199)
	at org.springframework.aop.framework.autoproxy.BeanFactoryAdvisorRetrievalHelper.findAdvisorBeans(BeanFactoryAdvisorRetrievalHelper.java:92)
	at org.springframework.aop.framework.autoproxy.AbstractAdvisorAutoProxyCreator.findCandidateAdvisors(AbstractAdvisorAutoProxyCreator.java:101)
	at org.springframework.aop.aspectj.annotation.AnnotationAwareAspectJAutoProxyCreator.findCandidateAdvisors(AnnotationAwareAspectJAutoProxyCreator.java:85)
	at org.springframework.aop.aspectj.autoproxy.AspectJAwareAdvisorAutoProxyCreator.shouldSkip(AspectJAwareAdvisorAutoProxyCreator.java:103)
	at org.springframework.aop.framework.autoproxy.AbstractAutoProxyCreator.postProcessBeforeInstantiation(AbstractAutoProxyCreator.java:243)
	at org.springframework.beans.factory.support.AbstractAutowireCapableBeanFactory.applyBeanPostProcessorsBeforeInstantiation(AbstractAutowireCapableBeanFactory.java:976)
	at org.springframework.beans.factory.support.AbstractAutowireCapableBeanFactory.resolveBeforeInstantiation(AbstractAutowireCapableBeanFactory.java:947)
	at org.springframework.beans.factory.support.AbstractAutowireCapableBeanFactory.createBean(AbstractAutowireCapableBeanFactory.java:466)
	... 23 more
Caused by: org.springframework.beans.factory.BeanCreationException: Error creating bean with name 'org.springframework.transaction.annotation.AnnotationTransactionAttributeSource#0': Initialization of bean failed; nested exception is java.lang.NoSuchMethodError: org.springframework.cache.annotation.CacheAnnotationParser.parseCacheAnnotations(Ljava/lang/reflect/AnnotatedElement;)Ljava/util/Collection;
	at org.springframework.beans.factory.support.AbstractAutowireCapableBeanFactory.doCreateBean(AbstractAutowireCapableBeanFactory.java:547)
	at org.springframework.beans.factory.support.AbstractAutowireCapableBeanFactory.createBean(AbstractAutowireCapableBeanFactory.java:476)
	at org.springframework.beans.factory.support.AbstractBeanFactory$1.getObject(AbstractBeanFactory.java:303)
	at org.springframework.beans.factory.support.DefaultSingletonBeanRegistry.getSingleton(DefaultSingletonBeanRegistry.java:230)
	at org.springframework.beans.factory.support.AbstractBeanFactory.doGetBean(AbstractBeanFactory.java:299)
	at org.springframework.beans.factory.support.AbstractBeanFactory.getBean(AbstractBeanFactory.java:194)
	at org.springframework.beans.factory.support.BeanDefinitionValueResolver.resolveReference(BeanDefinitionValueResolver.java:351)
	... 40 more
Caused by: java.lang.NoSuchMethodError: org.springframework.cache.annotation.CacheAnnotationParser.parseCacheAnnotations(Ljava/lang/reflect/AnnotatedElement;)Ljava/util/Collection;
	at grails.plugin.cache.GrailsAnnotationCacheOperationSource.determineCacheOperations(GrailsAnnotationCacheOperationSource.java:220)
	at grails.plugin.cache.GrailsAnnotationCacheOperationSource.findCacheOperations(GrailsAnnotationCacheOperationSource.java:203)
	at grails.plugin.cache.GrailsAnnotationCacheOperationSource.computeCacheOperations(GrailsAnnotationCacheOperationSource.java:174)
	at grails.plugin.cache.GrailsAnnotationCacheOperationSource.doGetCacheOperations(GrailsAnnotationCacheOperationSource.java:121)
	at grails.plugin.cache.GrailsAnnotationCacheOperationSource.getCacheOperations(GrailsAnnotationCacheOperationSource.java:104)
	at org.springframework.cache.interceptor.CacheOperationSourcePointcut.matches(CacheOperationSourcePointcut.java:39)
	at org.springframework.aop.support.AopUtils.canApply(AopUtils.java:225)
	at org.springframework.aop.support.AopUtils.canApply(AopUtils.java:262)
	at org.springframework.aop.support.AopUtils.findAdvisorsThatCanApply(AopUtils.java:294)
	at org.springframework.aop.framework.autoproxy.AbstractAdvisorAutoProxyCreator.findAdvisorsThatCanApply(AbstractAdvisorAutoProxyCreator.java:118)
	at org.springframework.aop.framework.autoproxy.AbstractAdvisorAutoProxyCreator.findEligibleAdvisors(AbstractAdvisorAutoProxyCreator.java:88)
	at org.springframework.aop.framework.autoproxy.AbstractAdvisorAutoProxyCreator.getAdvicesAndAdvisorsForBean(AbstractAdvisorAutoProxyCreator.java:69)
	at org.springframework.aop.framework.autoproxy.AbstractAutoProxyCreator.wrapIfNecessary(AbstractAutoProxyCreator.java:330)
	at org.springframework.aop.framework.autoproxy.AbstractAutoProxyCreator.postProcessAfterInitialization(AbstractAutoProxyCreator.java:293)
	at org.springframework.beans.factory.support.AbstractAutowireCapableBeanFactory.applyBeanPostProcessorsAfterInitialization(AbstractAutowireCapableBeanFactory.java:422)
	at org.springframework.beans.factory.support.AbstractAutowireCapableBeanFactory.initializeBean(AbstractAutowireCapableBeanFactory.java:1571)
	at org.springframework.beans.factory.support.AbstractAutowireCapableBeanFactory.doCreateBean(AbstractAutowireCapableBeanFactory.java:539)
	... 46 more
2015-07-05 19:32:40,332 [localhost-startStop-1] ERROR StackTrace  - Full Stack Trace:
org.springframework.beans.factory.BeanCreationException: Error creating bean with name 'org.springframework.transaction.config.internalTransactionAdvisor': Cannot resolve reference to bean 'org.springframework.transaction.annotation.AnnotationTransactionAttributeSource#0' while setting bean property 'transactionAttributeSource'; nested exception is org.springframework.beans.factory.BeanCreationException: Error creating bean with name 'org.springframework.transaction.annotation.AnnotationTransactionAttributeSource#0': Initialization of bean failed; nested exception is java.lang.NoSuchMethodError: org.springframework.cache.annotation.CacheAnnotationParser.parseCacheAnnotations(Ljava/lang/reflect/AnnotatedElement;)Ljava/util/Collection;
	at org.springframework.beans.factory.support.BeanDefinitionValueResolver.resolveReference(BeanDefinitionValueResolver.java:359)
	at org.springframework.beans.factory.support.BeanDefinitionValueResolver.resolveValueIfNecessary(BeanDefinitionValueResolver.java:108)
	at org.springframework.beans.factory.support.AbstractAutowireCapableBeanFactory.applyPropertyValues(AbstractAutowireCapableBeanFactory.java:1469)
	at org.springframework.beans.factory.support.AbstractAutowireCapableBeanFactory.populateBean(AbstractAutowireCapableBeanFactory.java:1214)
	at org.springframework.beans.factory.support.AbstractAutowireCapableBeanFactory.doCreateBean(AbstractAutowireCapableBeanFactory.java:537)
	at org.springframework.beans.factory.support.AbstractAutowireCapableBeanFactory.createBean(AbstractAutowireCapableBeanFactory.java:476)
	at org.springframework.beans.factory.support.AbstractBeanFactory$1.getObject(AbstractBeanFactory.java:303)
	at org.springframework.beans.factory.support.DefaultSingletonBeanRegistry.getSingleton(DefaultSingletonBeanRegistry.java:230)
	at org.springframework.beans.factory.support.AbstractBeanFactory.doGetBean(AbstractBeanFactory.java:299)
	at org.springframework.beans.factory.support.AbstractBeanFactory.getBean(AbstractBeanFactory.java:199)
	at org.springframework.aop.framework.autoproxy.BeanFactoryAdvisorRetrievalHelper.findAdvisorBeans(BeanFactoryAdvisorRetrievalHelper.java:92)
	at org.springframework.aop.framework.autoproxy.AbstractAdvisorAutoProxyCreator.findCandidateAdvisors(AbstractAdvisorAutoProxyCreator.java:101)
	at org.springframework.aop.aspectj.annotation.AnnotationAwareAspectJAutoProxyCreator.findCandidateAdvisors(AnnotationAwareAspectJAutoProxyCreator.java:85)
	at org.springframework.aop.aspectj.autoproxy.AspectJAwareAdvisorAutoProxyCreator.shouldSkip(AspectJAwareAdvisorAutoProxyCreator.java:103)
	at org.springframework.aop.framework.autoproxy.AbstractAutoProxyCreator.postProcessBeforeInstantiation(AbstractAutoProxyCreator.java:243)
	at org.springframework.beans.factory.support.AbstractAutowireCapableBeanFactory.applyBeanPostProcessorsBeforeInstantiation(AbstractAutowireCapableBeanFactory.java:976)
	at org.springframework.beans.factory.support.AbstractAutowireCapableBeanFactory.resolveBeforeInstantiation(AbstractAutowireCapableBeanFactory.java:947)
	at org.springframework.beans.factory.support.AbstractAutowireCapableBeanFactory.createBean(AbstractAutowireCapableBeanFactory.java:466)
	at org.springframework.beans.factory.support.AbstractBeanFactory$1.getObject(AbstractBeanFactory.java:303)
	at org.springframework.beans.factory.support.DefaultSingletonBeanRegistry.getSingleton(DefaultSingletonBeanRegistry.java:230)
	at org.springframework.beans.factory.support.AbstractBeanFactory.doGetBean(AbstractBeanFactory.java:299)
	at org.springframework.beans.factory.support.AbstractBeanFactory.getBean(AbstractBeanFactory.java:199)
	at org.springframework.context.support.PostProcessorRegistrationDelegate.registerBeanPostProcessors(PostProcessorRegistrationDelegate.java:232)
	at org.springframework.context.support.AbstractApplicationContext.registerBeanPostProcessors(AbstractApplicationContext.java:615)
	at org.springframework.context.support.AbstractApplicationContext.refresh(AbstractApplicationContext.java:465)
	at org.codehaus.groovy.grails.commons.spring.DefaultRuntimeSpringConfiguration.getApplicationContext(DefaultRuntimeSpringConfiguration.java:156)
	at org.codehaus.groovy.grails.commons.spring.GrailsRuntimeConfigurator.initializeContext(GrailsRuntimeConfigurator.java:188)
	at org.codehaus.groovy.grails.commons.spring.GrailsRuntimeConfigurator.configure(GrailsRuntimeConfigurator.java:168)
	at org.codehaus.groovy.grails.commons.spring.GrailsRuntimeConfigurator.configure(GrailsRuntimeConfigurator.java:127)
	at org.codehaus.groovy.grails.web.context.GrailsConfigUtils.configureWebApplicationContext(GrailsConfigUtils.java:126)
	at org.codehaus.groovy.grails.web.context.GrailsContextLoaderListener.initWebApplicationContext(GrailsContextLoaderListener.java:109)
	at org.springframework.web.context.ContextLoaderListener.contextInitialized(ContextLoaderListener.java:106)
	at org.apache.catalina.core.StandardContext.listenerStart(StandardContext.java:4973)
	at org.apache.catalina.core.StandardContext.startInternal(StandardContext.java:5467)
	at org.apache.catalina.util.LifecycleBase.start(LifecycleBase.java:150)
	at org.apache.catalina.core.ContainerBase$StartChild.call(ContainerBase.java:1559)
	at org.apache.catalina.core.ContainerBase$StartChild.call(ContainerBase.java:1549)
	at java.util.concurrent.FutureTask.run(FutureTask.java:266)
	at java.util.concurrent.ThreadPoolExecutor.runWorker(ThreadPoolExecutor.java:1142)
	at java.util.concurrent.ThreadPoolExecutor$Worker.run(ThreadPoolExecutor.java:617)
	at java.lang.Thread.run(Thread.java:745)
Caused by: org.springframework.beans.factory.BeanCreationException: Error creating bean with name 'org.springframework.transaction.annotation.AnnotationTransactionAttributeSource#0': Initialization of bean failed; nested exception is java.lang.NoSuchMethodError: org.springframework.cache.annotation.CacheAnnotationParser.parseCacheAnnotations(Ljava/lang/reflect/AnnotatedElement;)Ljava/util/Collection;
	at org.springframework.beans.factory.support.AbstractAutowireCapableBeanFactory.doCreateBean(AbstractAutowireCapableBeanFactory.java:547)
	at org.springframework.beans.factory.support.AbstractAutowireCapableBeanFactory.createBean(AbstractAutowireCapableBeanFactory.java:476)
	at org.springframework.beans.factory.support.AbstractBeanFactory$1.getObject(AbstractBeanFactory.java:303)
	at org.springframework.beans.factory.support.DefaultSingletonBeanRegistry.getSingleton(DefaultSingletonBeanRegistry.java:230)
	at org.springframework.beans.factory.support.AbstractBeanFactory.doGetBean(AbstractBeanFactory.java:299)
	at org.springframework.beans.factory.support.AbstractBeanFactory.getBean(AbstractBeanFactory.java:194)
	at org.springframework.beans.factory.support.BeanDefinitionValueResolver.resolveReference(BeanDefinitionValueResolver.java:351)
	... 40 more
Caused by: java.lang.NoSuchMethodError: org.springframework.cache.annotation.CacheAnnotationParser.parseCacheAnnotations(Ljava/lang/reflect/AnnotatedElement;)Ljava/util/Collection;
	at grails.plugin.cache.GrailsAnnotationCacheOperationSource.determineCacheOperations(GrailsAnnotationCacheOperationSource.java:220)
	at grails.plugin.cache.GrailsAnnotationCacheOperationSource.findCacheOperations(GrailsAnnotationCacheOperationSource.java:203)
	at grails.plugin.cache.GrailsAnnotationCacheOperationSource.computeCacheOperations(GrailsAnnotationCacheOperationSource.java:174)
	at grails.plugin.cache.GrailsAnnotationCacheOperationSource.doGetCacheOperations(GrailsAnnotationCacheOperationSource.java:121)
	at grails.plugin.cache.GrailsAnnotationCacheOperationSource.getCacheOperations(GrailsAnnotationCacheOperationSource.java:104)
	at org.springframework.cache.interceptor.CacheOperationSourcePointcut.matches(CacheOperationSourcePointcut.java:39)
	at org.springframework.aop.support.AopUtils.canApply(AopUtils.java:225)
	at org.springframework.aop.support.AopUtils.canApply(AopUtils.java:262)
	at org.springframework.aop.support.AopUtils.findAdvisorsThatCanApply(AopUtils.java:294)
	at org.springframework.aop.framework.autoproxy.AbstractAdvisorAutoProxyCreator.findAdvisorsThatCanApply(AbstractAdvisorAutoProxyCreator.java:118)
	at org.springframework.aop.framework.autoproxy.AbstractAdvisorAutoProxyCreator.findEligibleAdvisors(AbstractAdvisorAutoProxyCreator.java:88)
	at org.springframework.aop.framework.autoproxy.AbstractAdvisorAutoProxyCreator.getAdvicesAndAdvisorsForBean(AbstractAdvisorAutoProxyCreator.java:69)
	at org.springframework.aop.framework.autoproxy.AbstractAutoProxyCreator.wrapIfNecessary(AbstractAutoProxyCreator.java:330)
	at org.springframework.aop.framework.autoproxy.AbstractAutoProxyCreator.postProcessAfterInitialization(AbstractAutoProxyCreator.java:293)
	at org.springframework.beans.factory.support.AbstractAutowireCapableBeanFactory.applyBeanPostProcessorsAfterInitialization(AbstractAutowireCapableBeanFactory.java:422)
	at org.springframework.beans.factory.support.AbstractAutowireCapableBeanFactory.initializeBean(AbstractAutowireCapableBeanFactory.java:1571)
	at org.springframework.beans.factory.support.AbstractAutowireCapableBeanFactory.doCreateBean(AbstractAutowireCapableBeanFactory.java:539)
	... 46 more
2015-07-05 19:32:40,333 [localhost-startStop-1] ERROR StackTrace  - Full Stack Trace:
org.springframework.beans.factory.BeanCreationException: Error creating bean with name 'org.springframework.transaction.annotation.AnnotationTransactionAttributeSource#0': Initialization of bean failed; nested exception is java.lang.NoSuchMethodError: org.springframework.cache.annotation.CacheAnnotationParser.parseCacheAnnotations(Ljava/lang/reflect/AnnotatedElement;)Ljava/util/Collection;
	at org.springframework.beans.factory.support.AbstractAutowireCapableBeanFactory.doCreateBean(AbstractAutowireCapableBeanFactory.java:547)
	at org.springframework.beans.factory.support.AbstractAutowireCapableBeanFactory.createBean(AbstractAutowireCapableBeanFactory.java:476)
	at org.springframework.beans.factory.support.AbstractBeanFactory$1.getObject(AbstractBeanFactory.java:303)
	at org.springframework.beans.factory.support.DefaultSingletonBeanRegistry.getSingleton(DefaultSingletonBeanRegistry.java:230)
	at org.springframework.beans.factory.support.AbstractBeanFactory.doGetBean(AbstractBeanFactory.java:299)
	at org.springframework.beans.factory.support.AbstractBeanFactory.getBean(AbstractBeanFactory.java:194)
	at org.springframework.beans.factory.support.BeanDefinitionValueResolver.resolveReference(BeanDefinitionValueResolver.java:351)
	at org.springframework.beans.factory.support.BeanDefinitionValueResolver.resolveValueIfNecessary(BeanDefinitionValueResolver.java:108)
	at org.springframework.beans.factory.support.AbstractAutowireCapableBeanFactory.applyPropertyValues(AbstractAutowireCapableBeanFactory.java:1469)
	at org.springframework.beans.factory.support.AbstractAutowireCapableBeanFactory.populateBean(AbstractAutowireCapableBeanFactory.java:1214)
	at org.springframework.beans.factory.support.AbstractAutowireCapableBeanFactory.doCreateBean(AbstractAutowireCapableBeanFactory.java:537)
	at org.springframework.beans.factory.support.AbstractAutowireCapableBeanFactory.createBean(AbstractAutowireCapableBeanFactory.java:476)
	at org.springframework.beans.factory.support.AbstractBeanFactory$1.getObject(AbstractBeanFactory.java:303)
	at org.springframework.beans.factory.support.DefaultSingletonBeanRegistry.getSingleton(DefaultSingletonBeanRegistry.java:230)
	at org.springframework.beans.factory.support.AbstractBeanFactory.doGetBean(AbstractBeanFactory.java:299)
	at org.springframework.beans.factory.support.AbstractBeanFactory.getBean(AbstractBeanFactory.java:199)
	at org.springframework.aop.framework.autoproxy.BeanFactoryAdvisorRetrievalHelper.findAdvisorBeans(BeanFactoryAdvisorRetrievalHelper.java:92)
	at org.springframework.aop.framework.autoproxy.AbstractAdvisorAutoProxyCreator.findCandidateAdvisors(AbstractAdvisorAutoProxyCreator.java:101)
	at org.springframework.aop.aspectj.annotation.AnnotationAwareAspectJAutoProxyCreator.findCandidateAdvisors(AnnotationAwareAspectJAutoProxyCreator.java:85)
	at org.springframework.aop.aspectj.autoproxy.AspectJAwareAdvisorAutoProxyCreator.shouldSkip(AspectJAwareAdvisorAutoProxyCreator.java:103)
	at org.springframework.aop.framework.autoproxy.AbstractAutoProxyCreator.postProcessBeforeInstantiation(AbstractAutoProxyCreator.java:243)
	at org.springframework.beans.factory.support.AbstractAutowireCapableBeanFactory.applyBeanPostProcessorsBeforeInstantiation(AbstractAutowireCapableBeanFactory.java:976)
	at org.springframework.beans.factory.support.AbstractAutowireCapableBeanFactory.resolveBeforeInstantiation(AbstractAutowireCapableBeanFactory.java:947)
	at org.springframework.beans.factory.support.AbstractAutowireCapableBeanFactory.createBean(AbstractAutowireCapableBeanFactory.java:466)
	at org.springframework.beans.factory.support.AbstractBeanFactory$1.getObject(AbstractBeanFactory.java:303)
	at org.springframework.beans.factory.support.DefaultSingletonBeanRegistry.getSingleton(DefaultSingletonBeanRegistry.java:230)
	at org.springframework.beans.factory.support.AbstractBeanFactory.doGetBean(AbstractBeanFactory.java:299)
	at org.springframework.beans.factory.support.AbstractBeanFactory.getBean(AbstractBeanFactory.java:199)
	at org.springframework.context.support.PostProcessorRegistrationDelegate.registerBeanPostProcessors(PostProcessorRegistrationDelegate.java:232)
	at org.springframework.context.support.AbstractApplicationContext.registerBeanPostProcessors(AbstractApplicationContext.java:615)
	at org.springframework.context.support.AbstractApplicationContext.refresh(AbstractApplicationContext.java:465)
	at org.codehaus.groovy.grails.commons.spring.DefaultRuntimeSpringConfiguration.getApplicationContext(DefaultRuntimeSpringConfiguration.java:156)
	at org.codehaus.groovy.grails.commons.spring.GrailsRuntimeConfigurator.initializeContext(GrailsRuntimeConfigurator.java:188)
	at org.codehaus.groovy.grails.commons.spring.GrailsRuntimeConfigurator.configure(GrailsRuntimeConfigurator.java:168)
	at org.codehaus.groovy.grails.commons.spring.GrailsRuntimeConfigurator.configure(GrailsRuntimeConfigurator.java:127)
	at org.codehaus.groovy.grails.web.context.GrailsConfigUtils.configureWebApplicationContext(GrailsConfigUtils.java:126)
	at org.codehaus.groovy.grails.web.context.GrailsContextLoaderListener.initWebApplicationContext(GrailsContextLoaderListener.java:109)
	at org.springframework.web.context.ContextLoaderListener.contextInitialized(ContextLoaderListener.java:106)
	at org.apache.catalina.core.StandardContext.listenerStart(StandardContext.java:4973)
	at org.apache.catalina.core.StandardContext.startInternal(StandardContext.java:5467)
	at org.apache.catalina.util.LifecycleBase.start(LifecycleBase.java:150)
	at org.apache.catalina.core.ContainerBase$StartChild.call(ContainerBase.java:1559)
	at org.apache.catalina.core.ContainerBase$StartChild.call(ContainerBase.java:1549)
	at java.util.concurrent.FutureTask.run(FutureTask.java:266)
	at java.util.concurrent.ThreadPoolExecutor.runWorker(ThreadPoolExecutor.java:1142)
	at java.util.concurrent.ThreadPoolExecutor$Worker.run(ThreadPoolExecutor.java:617)
	at java.lang.Thread.run(Thread.java:745)
Caused by: java.lang.NoSuchMethodError: org.springframework.cache.annotation.CacheAnnotationParser.parseCacheAnnotations(Ljava/lang/reflect/AnnotatedElement;)Ljava/util/Collection;
	at grails.plugin.cache.GrailsAnnotationCacheOperationSource.determineCacheOperations(GrailsAnnotationCacheOperationSource.java:220)
	at grails.plugin.cache.GrailsAnnotationCacheOperationSource.findCacheOperations(GrailsAnnotationCacheOperationSource.java:203)
	at grails.plugin.cache.GrailsAnnotationCacheOperationSource.computeCacheOperations(GrailsAnnotationCacheOperationSource.java:174)
	at grails.plugin.cache.GrailsAnnotationCacheOperationSource.doGetCacheOperations(GrailsAnnotationCacheOperationSource.java:121)
	at grails.plugin.cache.GrailsAnnotationCacheOperationSource.getCacheOperations(GrailsAnnotationCacheOperationSource.java:104)
	at org.springframework.cache.interceptor.CacheOperationSourcePointcut.matches(CacheOperationSourcePointcut.java:39)
	at org.springframework.aop.support.AopUtils.canApply(AopUtils.java:225)
	at org.springframework.aop.support.AopUtils.canApply(AopUtils.java:262)
	at org.springframework.aop.support.AopUtils.findAdvisorsThatCanApply(AopUtils.java:294)
	at org.springframework.aop.framework.autoproxy.AbstractAdvisorAutoProxyCreator.findAdvisorsThatCanApply(AbstractAdvisorAutoProxyCreator.java:118)
	at org.springframework.aop.framework.autoproxy.AbstractAdvisorAutoProxyCreator.findEligibleAdvisors(AbstractAdvisorAutoProxyCreator.java:88)
	at org.springframework.aop.framework.autoproxy.AbstractAdvisorAutoProxyCreator.getAdvicesAndAdvisorsForBean(AbstractAdvisorAutoProxyCreator.java:69)
	at org.springframework.aop.framework.autoproxy.AbstractAutoProxyCreator.wrapIfNecessary(AbstractAutoProxyCreator.java:330)
	at org.springframework.aop.framework.autoproxy.AbstractAutoProxyCreator.postProcessAfterInitialization(AbstractAutoProxyCreator.java:293)
	at org.springframework.beans.factory.support.AbstractAutowireCapableBeanFactory.applyBeanPostProcessorsAfterInitialization(AbstractAutowireCapableBeanFactory.java:422)
	at org.springframework.beans.factory.support.AbstractAutowireCapableBeanFactory.initializeBean(AbstractAutowireCapableBeanFactory.java:1571)
	at org.springframework.beans.factory.support.AbstractAutowireCapableBeanFactory.doCreateBean(AbstractAutowireCapableBeanFactory.java:539)
	... 46 more
2015-07-05 19:32:40,333 [localhost-startStop-1] ERROR StackTrace  - Full Stack Trace:
java.lang.NoSuchMethodError: org.springframework.cache.annotation.CacheAnnotationParser.parseCacheAnnotations(Ljava/lang/reflect/AnnotatedElement;)Ljava/util/Collection;
	at grails.plugin.cache.GrailsAnnotationCacheOperationSource.determineCacheOperations(GrailsAnnotationCacheOperationSource.java:220)
	at grails.plugin.cache.GrailsAnnotationCacheOperationSource.findCacheOperations(GrailsAnnotationCacheOperationSource.java:203)
	at grails.plugin.cache.GrailsAnnotationCacheOperationSource.computeCacheOperations(GrailsAnnotationCacheOperationSource.java:174)
	at grails.plugin.cache.GrailsAnnotationCacheOperationSource.doGetCacheOperations(GrailsAnnotationCacheOperationSource.java:121)
	at grails.plugin.cache.GrailsAnnotationCacheOperationSource.getCacheOperations(GrailsAnnotationCacheOperationSource.java:104)
	at org.springframework.cache.interceptor.CacheOperationSourcePointcut.matches(CacheOperationSourcePointcut.java:39)
	at org.springframework.aop.support.AopUtils.canApply(AopUtils.java:225)
	at org.springframework.aop.support.AopUtils.canApply(AopUtils.java:262)
	at org.springframework.aop.support.AopUtils.findAdvisorsThatCanApply(AopUtils.java:294)
	at org.springframework.aop.framework.autoproxy.AbstractAdvisorAutoProxyCreator.findAdvisorsThatCanApply(AbstractAdvisorAutoProxyCreator.java:118)
	at org.springframework.aop.framework.autoproxy.AbstractAdvisorAutoProxyCreator.findEligibleAdvisors(AbstractAdvisorAutoProxyCreator.java:88)
	at org.springframework.aop.framework.autoproxy.AbstractAdvisorAutoProxyCreator.getAdvicesAndAdvisorsForBean(AbstractAdvisorAutoProxyCreator.java:69)
	at org.springframework.aop.framework.autoproxy.AbstractAutoProxyCreator.wrapIfNecessary(AbstractAutoProxyCreator.java:330)
	at org.springframework.aop.framework.autoproxy.AbstractAutoProxyCreator.postProcessAfterInitialization(AbstractAutoProxyCreator.java:293)
	at org.springframework.beans.factory.support.AbstractAutowireCapableBeanFactory.applyBeanPostProcessorsAfterInitialization(AbstractAutowireCapableBeanFactory.java:422)
	at org.springframework.beans.factory.support.AbstractAutowireCapableBeanFactory.initializeBean(AbstractAutowireCapableBeanFactory.java:1571)
	at org.springframework.beans.factory.support.AbstractAutowireCapableBeanFactory.doCreateBean(AbstractAutowireCapableBeanFactory.java:539)
	at org.springframework.beans.factory.support.AbstractAutowireCapableBeanFactory.createBean(AbstractAutowireCapableBeanFactory.java:476)
	at org.springframework.beans.factory.support.AbstractBeanFactory$1.getObject(AbstractBeanFactory.java:303)
	at org.springframework.beans.factory.support.DefaultSingletonBeanRegistry.getSingleton(DefaultSingletonBeanRegistry.java:230)
	at org.springframework.beans.factory.support.AbstractBeanFactory.doGetBean(AbstractBeanFactory.java:299)
	at org.springframework.beans.factory.support.AbstractBeanFactory.getBean(AbstractBeanFactory.java:194)
	at org.springframework.beans.factory.support.BeanDefinitionValueResolver.resolveReference(BeanDefinitionValueResolver.java:351)
	at org.springframework.beans.factory.support.BeanDefinitionValueResolver.resolveValueIfNecessary(BeanDefinitionValueResolver.java:108)
	at org.springframework.beans.factory.support.AbstractAutowireCapableBeanFactory.applyPropertyValues(AbstractAutowireCapableBeanFactory.java:1469)
	at org.springframework.beans.factory.support.AbstractAutowireCapableBeanFactory.populateBean(AbstractAutowireCapableBeanFactory.java:1214)
	at org.springframework.beans.factory.support.AbstractAutowireCapableBeanFactory.doCreateBean(AbstractAutowireCapableBeanFactory.java:537)
	at org.springframework.beans.factory.support.AbstractAutowireCapableBeanFactory.createBean(AbstractAutowireCapableBeanFactory.java:476)
	at org.springframework.beans.factory.support.AbstractBeanFactory$1.getObject(AbstractBeanFactory.java:303)
	at org.springframework.beans.factory.support.DefaultSingletonBeanRegistry.getSingleton(DefaultSingletonBeanRegistry.java:230)
	at org.springframework.beans.factory.support.AbstractBeanFactory.doGetBean(AbstractBeanFactory.java:299)
	at org.springframework.beans.factory.support.AbstractBeanFactory.getBean(AbstractBeanFactory.java:199)
	at org.springframework.aop.framework.autoproxy.BeanFactoryAdvisorRetrievalHelper.findAdvisorBeans(BeanFactoryAdvisorRetrievalHelper.java:92)
	at org.springframework.aop.framework.autoproxy.AbstractAdvisorAutoProxyCreator.findCandidateAdvisors(AbstractAdvisorAutoProxyCreator.java:101)
	at org.springframework.aop.aspectj.annotation.AnnotationAwareAspectJAutoProxyCreator.findCandidateAdvisors(AnnotationAwareAspectJAutoProxyCreator.java:85)
	at org.springframework.aop.aspectj.autoproxy.AspectJAwareAdvisorAutoProxyCreator.shouldSkip(AspectJAwareAdvisorAutoProxyCreator.java:103)
	at org.springframework.aop.framework.autoproxy.AbstractAutoProxyCreator.postProcessBeforeInstantiation(AbstractAutoProxyCreator.java:243)
	at org.springframework.beans.factory.support.AbstractAutowireCapableBeanFactory.applyBeanPostProcessorsBeforeInstantiation(AbstractAutowireCapableBeanFactory.java:976)
	at org.springframework.beans.factory.support.AbstractAutowireCapableBeanFactory.resolveBeforeInstantiation(AbstractAutowireCapableBeanFactory.java:947)
	at org.springframework.beans.factory.support.AbstractAutowireCapableBeanFactory.createBean(AbstractAutowireCapableBeanFactory.java:466)
	at org.springframework.beans.factory.support.AbstractBeanFactory$1.getObject(AbstractBeanFactory.java:303)
	at org.springframework.beans.factory.support.DefaultSingletonBeanRegistry.getSingleton(DefaultSingletonBeanRegistry.java:230)
	at org.springframework.beans.factory.support.AbstractBeanFactory.doGetBean(AbstractBeanFactory.java:299)
	at org.springframework.beans.factory.support.AbstractBeanFactory.getBean(AbstractBeanFactory.java:199)
	at org.springframework.context.support.PostProcessorRegistrationDelegate.registerBeanPostProcessors(PostProcessorRegistrationDelegate.java:232)
	at org.springframework.context.support.AbstractApplicationContext.registerBeanPostProcessors(AbstractApplicationContext.java:615)
	at org.springframework.context.support.AbstractApplicationContext.refresh(AbstractApplicationContext.java:465)
	at org.codehaus.groovy.grails.commons.spring.DefaultRuntimeSpringConfiguration.getApplicationContext(DefaultRuntimeSpringConfiguration.java:156)
	at org.codehaus.groovy.grails.commons.spring.GrailsRuntimeConfigurator.initializeContext(GrailsRuntimeConfigurator.java:188)
	at org.codehaus.groovy.grails.commons.spring.GrailsRuntimeConfigurator.configure(GrailsRuntimeConfigurator.java:168)
	at org.codehaus.groovy.grails.commons.spring.GrailsRuntimeConfigurator.configure(GrailsRuntimeConfigurator.java:127)
	at org.codehaus.groovy.grails.web.context.GrailsConfigUtils.configureWebApplicationContext(GrailsConfigUtils.java:126)
	at org.codehaus.groovy.grails.web.context.GrailsContextLoaderListener.initWebApplicationContext(GrailsContextLoaderListener.java:109)
	at org.springframework.web.context.ContextLoaderListener.contextInitialized(ContextLoaderListener.java:106)
	at org.apache.catalina.core.StandardContext.listenerStart(StandardContext.java:4973)
	at org.apache.catalina.core.StandardContext.startInternal(StandardContext.java:5467)
	at org.apache.catalina.util.LifecycleBase.start(LifecycleBase.java:150)
	at org.apache.catalina.core.ContainerBase$StartChild.call(ContainerBase.java:1559)
	at org.apache.catalina.core.ContainerBase$StartChild.call(ContainerBase.java:1549)
	at java.util.concurrent.FutureTask.run(FutureTask.java:266)
	at java.util.concurrent.ThreadPoolExecutor.runWorker(ThreadPoolExecutor.java:1142)
	at java.util.concurrent.ThreadPoolExecutor$Worker.run(ThreadPoolExecutor.java:617)
	at java.lang.Thread.run(Thread.java:745)
2015-07-05 19:32:40,333 [localhost-startStop-1] ERROR StackTrace  - Full Stack Trace:
org.springframework.beans.factory.BeanCreationException: Error creating bean with name 'grailsApplicationPostProcessor': BeanPostProcessor before instantiation of bean failed; nested exception is org.springframework.beans.factory.BeanCreationException: Error creating bean with name 'org.springframework.transaction.config.internalTransactionAdvisor': Cannot resolve reference to bean 'org.springframework.transaction.annotation.AnnotationTransactionAttributeSource#0' while setting bean property 'transactionAttributeSource'; nested exception is org.springframework.beans.factory.BeanCreationException: Error creating bean with name 'org.springframework.transaction.annotation.AnnotationTransactionAttributeSource#0': Initialization of bean failed; nested exception is java.lang.NoSuchMethodError: org.springframework.cache.annotation.CacheAnnotationParser.parseCacheAnnotations(Ljava/lang/reflect/AnnotatedElement;)Ljava/util/Collection;
	at java.util.concurrent.FutureTask.run(FutureTask.java:266)
	at java.util.concurrent.ThreadPoolExecutor.runWorker(ThreadPoolExecutor.java:1142)
	at java.util.concurrent.ThreadPoolExecutor$Worker.run(ThreadPoolExecutor.java:617)
	at java.lang.Thread.run(Thread.java:745)
Caused by: org.springframework.beans.factory.BeanCreationException: Error creating bean with name 'org.springframework.transaction.config.internalTransactionAdvisor': Cannot resolve reference to bean 'org.springframework.transaction.annotation.AnnotationTransactionAttributeSource#0' while setting bean property 'transactionAttributeSource'; nested exception is org.springframework.beans.factory.BeanCreationException: Error creating bean with name 'org.springframework.transaction.annotation.AnnotationTransactionAttributeSource#0': Initialization of bean failed; nested exception is java.lang.NoSuchMethodError: org.springframework.cache.annotation.CacheAnnotationParser.parseCacheAnnotations(Ljava/lang/reflect/AnnotatedElement;)Ljava/util/Collection;
	... 4 more
Caused by: org.springframework.beans.factory.BeanCreationException: Error creating bean with name 'org.springframework.transaction.annotation.AnnotationTransactionAttributeSource#0': Initialization of bean failed; nested exception is java.lang.NoSuchMethodError: org.springframework.cache.annotation.CacheAnnotationParser.parseCacheAnnotations(Ljava/lang/reflect/AnnotatedElement;)Ljava/util/Collection;
	... 4 more
Caused by: java.lang.NoSuchMethodError: org.springframework.cache.annotation.CacheAnnotationParser.parseCacheAnnotations(Ljava/lang/reflect/AnnotatedElement;)Ljava/util/Collection;
	at grails.plugin.cache.GrailsAnnotationCacheOperationSource.determineCacheOperations(GrailsAnnotationCacheOperationSource.java:220)
	at grails.plugin.cache.GrailsAnnotationCacheOperationSource.findCacheOperations(GrailsAnnotationCacheOperationSource.java:203)
	at grails.plugin.cache.GrailsAnnotationCacheOperationSource.computeCacheOperations(GrailsAnnotationCacheOperationSource.java:174)
	at grails.plugin.cache.GrailsAnnotationCacheOperationSource.doGetCacheOperations(GrailsAnnotationCacheOperationSource.java:121)
	at grails.plugin.cache.GrailsAnnotationCacheOperationSource.getCacheOperations(GrailsAnnotationCacheOperationSource.java:104)
	... 4 more
2015-07-05 19:32:40,334 [localhost-startStop-1] ERROR StackTrace  - Full Stack Trace:
org.springframework.beans.factory.BeanCreationException: Error creating bean with name 'grailsApplicationPostProcessor': BeanPostProcessor before instantiation of bean failed; nested exception is org.springframework.beans.factory.BeanCreationException: Error creating bean with name 'org.springframework.transaction.config.internalTransactionAdvisor': Cannot resolve reference to bean 'org.springframework.transaction.annotation.AnnotationTransactionAttributeSource#0' while setting bean property 'transactionAttributeSource'; nested exception is org.springframework.beans.factory.BeanCreationException: Error creating bean with name 'org.springframework.transaction.annotation.AnnotationTransactionAttributeSource#0': Initialization of bean failed; nested exception is java.lang.NoSuchMethodError: org.springframework.cache.annotation.CacheAnnotationParser.parseCacheAnnotations(Ljava/lang/reflect/AnnotatedElement;)Ljava/util/Collection;
	at java.util.concurrent.FutureTask.run(FutureTask.java:266)
	at java.util.concurrent.ThreadPoolExecutor.runWorker(ThreadPoolExecutor.java:1142)
	at java.util.concurrent.ThreadPoolExecutor$Worker.run(ThreadPoolExecutor.java:617)
	at java.lang.Thread.run(Thread.java:745)
Caused by: org.springframework.beans.factory.BeanCreationException: Error creating bean with name 'org.springframework.transaction.config.internalTransactionAdvisor': Cannot resolve reference to bean 'org.springframework.transaction.annotation.AnnotationTransactionAttributeSource#0' while setting bean property 'transactionAttributeSource'; nested exception is org.springframework.beans.factory.BeanCreationException: Error creating bean with name 'org.springframework.transaction.annotation.AnnotationTransactionAttributeSource#0': Initialization of bean failed; nested exception is java.lang.NoSuchMethodError: org.springframework.cache.annotation.CacheAnnotationParser.parseCacheAnnotations(Ljava/lang/reflect/AnnotatedElement;)Ljava/util/Collection;
	... 4 more
Caused by: org.springframework.beans.factory.BeanCreationException: Error creating bean with name 'org.springframework.transaction.annotation.AnnotationTransactionAttributeSource#0': Initialization of bean failed; nested exception is java.lang.NoSuchMethodError: org.springframework.cache.annotation.CacheAnnotationParser.parseCacheAnnotations(Ljava/lang/reflect/AnnotatedElement;)Ljava/util/Collection;
	... 4 more
Caused by: java.lang.NoSuchMethodError: org.springframework.cache.annotation.CacheAnnotationParser.parseCacheAnnotations(Ljava/lang/reflect/AnnotatedElement;)Ljava/util/Collection;
	at grails.plugin.cache.GrailsAnnotationCacheOperationSource.determineCacheOperations(GrailsAnnotationCacheOperationSource.java:220)
	at grails.plugin.cache.GrailsAnnotationCacheOperationSource.findCacheOperations(GrailsAnnotationCacheOperationSource.java:203)
	at grails.plugin.cache.GrailsAnnotationCacheOperationSource.computeCacheOperations(GrailsAnnotationCacheOperationSource.java:174)
	at grails.plugin.cache.GrailsAnnotationCacheOperationSource.doGetCacheOperations(GrailsAnnotationCacheOperationSource.java:121)
	at grails.plugin.cache.GrailsAnnotationCacheOperationSource.getCacheOperations(GrailsAnnotationCacheOperationSource.java:104)
	... 4 more
2015-07-05 19:32:40,334 [localhost-startStop-1] ERROR StackTrace  - Full Stack Trace:
org.springframework.beans.factory.BeanCreationException: Error creating bean with name 'org.springframework.transaction.config.internalTransactionAdvisor': Cannot resolve reference to bean 'org.springframework.transaction.annotation.AnnotationTransactionAttributeSource#0' while setting bean property 'transactionAttributeSource'; nested exception is org.springframework.beans.factory.BeanCreationException: Error creating bean with name 'org.springframework.transaction.annotation.AnnotationTransactionAttributeSource#0': Initialization of bean failed; nested exception is java.lang.NoSuchMethodError: org.springframework.cache.annotation.CacheAnnotationParser.parseCacheAnnotations(Ljava/lang/reflect/AnnotatedElement;)Ljava/util/Collection;
	at java.util.concurrent.FutureTask.run(FutureTask.java:266)
	at java.util.concurrent.ThreadPoolExecutor.runWorker(ThreadPoolExecutor.java:1142)
	at java.util.concurrent.ThreadPoolExecutor$Worker.run(ThreadPoolExecutor.java:617)
	at java.lang.Thread.run(Thread.java:745)
Caused by: org.springframework.beans.factory.BeanCreationException: Error creating bean with name 'org.springframework.transaction.annotation.AnnotationTransactionAttributeSource#0': Initialization of bean failed; nested exception is java.lang.NoSuchMethodError: org.springframework.cache.annotation.CacheAnnotationParser.parseCacheAnnotations(Ljava/lang/reflect/AnnotatedElement;)Ljava/util/Collection;
	... 4 more
Caused by: java.lang.NoSuchMethodError: org.springframework.cache.annotation.CacheAnnotationParser.parseCacheAnnotations(Ljava/lang/reflect/AnnotatedElement;)Ljava/util/Collection;
	at grails.plugin.cache.GrailsAnnotationCacheOperationSource.determineCacheOperations(GrailsAnnotationCacheOperationSource.java:220)
	at grails.plugin.cache.GrailsAnnotationCacheOperationSource.findCacheOperations(GrailsAnnotationCacheOperationSource.java:203)
	at grails.plugin.cache.GrailsAnnotationCacheOperationSource.computeCacheOperations(GrailsAnnotationCacheOperationSource.java:174)
	at grails.plugin.cache.GrailsAnnotationCacheOperationSource.doGetCacheOperations(GrailsAnnotationCacheOperationSource.java:121)
	at grails.plugin.cache.GrailsAnnotationCacheOperationSource.getCacheOperations(GrailsAnnotationCacheOperationSource.java:104)
	... 4 more
2015-07-05 19:32:40,334 [localhost-startStop-1] ERROR StackTrace  - Full Stack Trace:
org.springframework.beans.factory.BeanCreationException: Error creating bean with name 'org.springframework.transaction.annotation.AnnotationTransactionAttributeSource#0': Initialization of bean failed; nested exception is java.lang.NoSuchMethodError: org.springframework.cache.annotation.CacheAnnotationParser.parseCacheAnnotations(Ljava/lang/reflect/AnnotatedElement;)Ljava/util/Collection;
	at java.util.concurrent.FutureTask.run(FutureTask.java:266)
	at java.util.concurrent.ThreadPoolExecutor.runWorker(ThreadPoolExecutor.java:1142)
	at java.util.concurrent.ThreadPoolExecutor$Worker.run(ThreadPoolExecutor.java:617)
	at java.lang.Thread.run(Thread.java:745)
Caused by: java.lang.NoSuchMethodError: org.springframework.cache.annotation.CacheAnnotationParser.parseCacheAnnotations(Ljava/lang/reflect/AnnotatedElement;)Ljava/util/Collection;
	at grails.plugin.cache.GrailsAnnotationCacheOperationSource.determineCacheOperations(GrailsAnnotationCacheOperationSource.java:220)
	at grails.plugin.cache.GrailsAnnotationCacheOperationSource.findCacheOperations(GrailsAnnotationCacheOperationSource.java:203)
	at grails.plugin.cache.GrailsAnnotationCacheOperationSource.computeCacheOperations(GrailsAnnotationCacheOperationSource.java:174)
	at grails.plugin.cache.GrailsAnnotationCacheOperationSource.doGetCacheOperations(GrailsAnnotationCacheOperationSource.java:121)
	at grails.plugin.cache.GrailsAnnotationCacheOperationSource.getCacheOperations(GrailsAnnotationCacheOperationSource.java:104)
	... 4 more
2015-07-05 19:32:40,334 [localhost-startStop-1] ERROR StackTrace  - Full Stack Trace:
java.lang.NoSuchMethodError: org.springframework.cache.annotation.CacheAnnotationParser.parseCacheAnnotations(Ljava/lang/reflect/AnnotatedElement;)Ljava/util/Collection;
	at grails.plugin.cache.GrailsAnnotationCacheOperationSource.determineCacheOperations(GrailsAnnotationCacheOperationSource.java:220)
	at grails.plugin.cache.GrailsAnnotationCacheOperationSource.findCacheOperations(GrailsAnnotationCacheOperationSource.java:203)
	at grails.plugin.cache.GrailsAnnotationCacheOperationSource.computeCacheOperations(GrailsAnnotationCacheOperationSource.java:174)
	at grails.plugin.cache.GrailsAnnotationCacheOperationSource.doGetCacheOperations(GrailsAnnotationCacheOperationSource.java:121)
	at grails.plugin.cache.GrailsAnnotationCacheOperationSource.getCacheOperations(GrailsAnnotationCacheOperationSource.java:104)
	at java.util.concurrent.FutureTask.run(FutureTask.java:266)
	at java.util.concurrent.ThreadPoolExecutor.runWorker(ThreadPoolExecutor.java:1142)
	at java.util.concurrent.ThreadPoolExecutor$Worker.run(ThreadPoolExecutor.java:617)
	at java.lang.Thread.run(Thread.java:745)
2015-07-05 19:32:40,334 [localhost-startStop-1] ERROR StackTrace  - Full Stack Trace:
org.springframework.beans.factory.BeanCreationException: Error creating bean with name 'grailsApplicationPostProcessor': BeanPostProcessor before instantiation of bean failed; nested exception is org.springframework.beans.factory.BeanCreationException: Error creating bean with name 'org.springframework.transaction.config.internalTransactionAdvisor': Cannot resolve reference to bean 'org.springframework.transaction.annotation.AnnotationTransactionAttributeSource#0' while setting bean property 'transactionAttributeSource'; nested exception is org.springframework.beans.factory.BeanCreationException: Error creating bean with name 'org.springframework.transaction.annotation.AnnotationTransactionAttributeSource#0': Initialization of bean failed; nested exception is java.lang.NoSuchMethodError: org.springframework.cache.annotation.CacheAnnotationParser.parseCacheAnnotations(Ljava/lang/reflect/AnnotatedElement;)Ljava/util/Collection;
	at java.util.concurrent.FutureTask.run(FutureTask.java:266)
	at java.util.concurrent.ThreadPoolExecutor.runWorker(ThreadPoolExecutor.java:1142)
	at java.util.concurrent.ThreadPoolExecutor$Worker.run(ThreadPoolExecutor.java:617)
	at java.lang.Thread.run(Thread.java:745)
Caused by: org.springframework.beans.factory.BeanCreationException: Error creating bean with name 'org.springframework.transaction.config.internalTransactionAdvisor': Cannot resolve reference to bean 'org.springframework.transaction.annotation.AnnotationTransactionAttributeSource#0' while setting bean property 'transactionAttributeSource'; nested exception is org.springframework.beans.factory.BeanCreationException: Error creating bean with name 'org.springframework.transaction.annotation.AnnotationTransactionAttributeSource#0': Initialization of bean failed; nested exception is java.lang.NoSuchMethodError: org.springframework.cache.annotation.CacheAnnotationParser.parseCacheAnnotations(Ljava/lang/reflect/AnnotatedElement;)Ljava/util/Collection;
	... 4 more
Caused by: org.springframework.beans.factory.BeanCreationException: Error creating bean with name 'org.springframework.transaction.annotation.AnnotationTransactionAttributeSource#0': Initialization of bean failed; nested exception is java.lang.NoSuchMethodError: org.springframework.cache.annotation.CacheAnnotationParser.parseCacheAnnotations(Ljava/lang/reflect/AnnotatedElement;)Ljava/util/Collection;
	... 4 more
Caused by: java.lang.NoSuchMethodError: org.springframework.cache.annotation.CacheAnnotationParser.parseCacheAnnotations(Ljava/lang/reflect/AnnotatedElement;)Ljava/util/Collection;
	at grails.plugin.cache.GrailsAnnotationCacheOperationSource.determineCacheOperations(GrailsAnnotationCacheOperationSource.java:220)
	at grails.plugin.cache.GrailsAnnotationCacheOperationSource.findCacheOperations(GrailsAnnotationCacheOperationSource.java:203)
	at grails.plugin.cache.GrailsAnnotationCacheOperationSource.computeCacheOperations(GrailsAnnotationCacheOperationSource.java:174)
	at grails.plugin.cache.GrailsAnnotationCacheOperationSource.doGetCacheOperations(GrailsAnnotationCacheOperationSource.java:121)
	at grails.plugin.cache.GrailsAnnotationCacheOperationSource.getCacheOperations(GrailsAnnotationCacheOperationSource.java:104)
	... 4 more
2015-07-05 19:32:40,334 [localhost-startStop-1] ERROR StackTrace  - Full Stack Trace:
org.springframework.beans.factory.BeanCreationException: Error creating bean with name 'grailsApplicationPostProcessor': BeanPostProcessor before instantiation of bean failed; nested exception is org.springframework.beans.factory.BeanCreationException: Error creating bean with name 'org.springframework.transaction.config.internalTransactionAdvisor': Cannot resolve reference to bean 'org.springframework.transaction.annotation.AnnotationTransactionAttributeSource#0' while setting bean property 'transactionAttributeSource'; nested exception is org.springframework.beans.factory.BeanCreationException: Error creating bean with name 'org.springframework.transaction.annotation.AnnotationTransactionAttributeSource#0': Initialization of bean failed; nested exception is java.lang.NoSuchMethodError: org.springframework.cache.annotation.CacheAnnotationParser.parseCacheAnnotations(Ljava/lang/reflect/AnnotatedElement;)Ljava/util/Collection;
	at java.util.concurrent.FutureTask.run(FutureTask.java:266)
	at java.util.concurrent.ThreadPoolExecutor.runWorker(ThreadPoolExecutor.java:1142)
	at java.util.concurrent.ThreadPoolExecutor$Worker.run(ThreadPoolExecutor.java:617)
	at java.lang.Thread.run(Thread.java:745)
Caused by: org.springframework.beans.factory.BeanCreationException: Error creating bean with name 'org.springframework.transaction.config.internalTransactionAdvisor': Cannot resolve reference to bean 'org.springframework.transaction.annotation.AnnotationTransactionAttributeSource#0' while setting bean property 'transactionAttributeSource'; nested exception is org.springframework.beans.factory.BeanCreationException: Error creating bean with name 'org.springframework.transaction.annotation.AnnotationTransactionAttributeSource#0': Initialization of bean failed; nested exception is java.lang.NoSuchMethodError: org.springframework.cache.annotation.CacheAnnotationParser.parseCacheAnnotations(Ljava/lang/reflect/AnnotatedElement;)Ljava/util/Collection;
	... 4 more
Caused by: org.springframework.beans.factory.BeanCreationException: Error creating bean with name 'org.springframework.transaction.annotation.AnnotationTransactionAttributeSource#0': Initialization of bean failed; nested exception is java.lang.NoSuchMethodError: org.springframework.cache.annotation.CacheAnnotationParser.parseCacheAnnotations(Ljava/lang/reflect/AnnotatedElement;)Ljava/util/Collection;
	... 4 more
Caused by: java.lang.NoSuchMethodError: org.springframework.cache.annotation.CacheAnnotationParser.parseCacheAnnotations(Ljava/lang/reflect/AnnotatedElement;)Ljava/util/Collection;
	at grails.plugin.cache.GrailsAnnotationCacheOperationSource.determineCacheOperations(GrailsAnnotationCacheOperationSource.java:220)
	at grails.plugin.cache.GrailsAnnotationCacheOperationSource.findCacheOperations(GrailsAnnotationCacheOperationSource.java:203)
	at grails.plugin.cache.GrailsAnnotationCacheOperationSource.computeCacheOperations(GrailsAnnotationCacheOperationSource.java:174)
	at grails.plugin.cache.GrailsAnnotationCacheOperationSource.doGetCacheOperations(GrailsAnnotationCacheOperationSource.java:121)
	at grails.plugin.cache.GrailsAnnotationCacheOperationSource.getCacheOperations(GrailsAnnotationCacheOperationSource.java:104)
	... 4 more
2015-07-05 19:32:40,334 [localhost-startStop-1] ERROR StackTrace  - Full Stack Trace:
org.springframework.beans.factory.BeanCreationException: Error creating bean with name 'org.springframework.transaction.config.internalTransactionAdvisor': Cannot resolve reference to bean 'org.springframework.transaction.annotation.AnnotationTransactionAttributeSource#0' while setting bean property 'transactionAttributeSource'; nested exception is org.springframework.beans.factory.BeanCreationException: Error creating bean with name 'org.springframework.transaction.annotation.AnnotationTransactionAttributeSource#0': Initialization of bean failed; nested exception is java.lang.NoSuchMethodError: org.springframework.cache.annotation.CacheAnnotationParser.parseCacheAnnotations(Ljava/lang/reflect/AnnotatedElement;)Ljava/util/Collection;
	at java.util.concurrent.FutureTask.run(FutureTask.java:266)
	at java.util.concurrent.ThreadPoolExecutor.runWorker(ThreadPoolExecutor.java:1142)
	at java.util.concurrent.ThreadPoolExecutor$Worker.run(ThreadPoolExecutor.java:617)
	at java.lang.Thread.run(Thread.java:745)
Caused by: org.springframework.beans.factory.BeanCreationException: Error creating bean with name 'org.springframework.transaction.annotation.AnnotationTransactionAttributeSource#0': Initialization of bean failed; nested exception is java.lang.NoSuchMethodError: org.springframework.cache.annotation.CacheAnnotationParser.parseCacheAnnotations(Ljava/lang/reflect/AnnotatedElement;)Ljava/util/Collection;
	... 4 more
Caused by: java.lang.NoSuchMethodError: org.springframework.cache.annotation.CacheAnnotationParser.parseCacheAnnotations(Ljava/lang/reflect/AnnotatedElement;)Ljava/util/Collection;
	at grails.plugin.cache.GrailsAnnotationCacheOperationSource.determineCacheOperations(GrailsAnnotationCacheOperationSource.java:220)
	at grails.plugin.cache.GrailsAnnotationCacheOperationSource.findCacheOperations(GrailsAnnotationCacheOperationSource.java:203)
	at grails.plugin.cache.GrailsAnnotationCacheOperationSource.computeCacheOperations(GrailsAnnotationCacheOperationSource.java:174)
	at grails.plugin.cache.GrailsAnnotationCacheOperationSource.doGetCacheOperations(GrailsAnnotationCacheOperationSource.java:121)
	at grails.plugin.cache.GrailsAnnotationCacheOperationSource.getCacheOperations(GrailsAnnotationCacheOperationSource.java:104)
	... 4 more
2015-07-05 19:32:40,335 [localhost-startStop-1] ERROR StackTrace  - Full Stack Trace:
org.springframework.beans.factory.BeanCreationException: Error creating bean with name 'org.springframework.transaction.annotation.AnnotationTransactionAttributeSource#0': Initialization of bean failed; nested exception is java.lang.NoSuchMethodError: org.springframework.cache.annotation.CacheAnnotationParser.parseCacheAnnotations(Ljava/lang/reflect/AnnotatedElement;)Ljava/util/Collection;
	at java.util.concurrent.FutureTask.run(FutureTask.java:266)
	at java.util.concurrent.ThreadPoolExecutor.runWorker(ThreadPoolExecutor.java:1142)
	at java.util.concurrent.ThreadPoolExecutor$Worker.run(ThreadPoolExecutor.java:617)
	at java.lang.Thread.run(Thread.java:745)
Caused by: java.lang.NoSuchMethodError: org.springframework.cache.annotation.CacheAnnotationParser.parseCacheAnnotations(Ljava/lang/reflect/AnnotatedElement;)Ljava/util/Collection;
	at grails.plugin.cache.GrailsAnnotationCacheOperationSource.determineCacheOperations(GrailsAnnotationCacheOperationSource.java:220)
	at grails.plugin.cache.GrailsAnnotationCacheOperationSource.findCacheOperations(GrailsAnnotationCacheOperationSource.java:203)
	at grails.plugin.cache.GrailsAnnotationCacheOperationSource.computeCacheOperations(GrailsAnnotationCacheOperationSource.java:174)
	at grails.plugin.cache.GrailsAnnotationCacheOperationSource.doGetCacheOperations(GrailsAnnotationCacheOperationSource.java:121)
	at grails.plugin.cache.GrailsAnnotationCacheOperationSource.getCacheOperations(GrailsAnnotationCacheOperationSource.java:104)
	... 4 more
2015-07-05 19:32:40,335 [localhost-startStop-1] ERROR StackTrace  - Full Stack Trace:
java.lang.NoSuchMethodError: org.springframework.cache.annotation.CacheAnnotationParser.parseCacheAnnotations(Ljava/lang/reflect/AnnotatedElement;)Ljava/util/Collection;
	at grails.plugin.cache.GrailsAnnotationCacheOperationSource.determineCacheOperations(GrailsAnnotationCacheOperationSource.java:220)
	at grails.plugin.cache.GrailsAnnotationCacheOperationSource.findCacheOperations(GrailsAnnotationCacheOperationSource.java:203)
	at grails.plugin.cache.GrailsAnnotationCacheOperationSource.computeCacheOperations(GrailsAnnotationCacheOperationSource.java:174)
	at grails.plugin.cache.GrailsAnnotationCacheOperationSource.doGetCacheOperations(GrailsAnnotationCacheOperationSource.java:121)
	at grails.plugin.cache.GrailsAnnotationCacheOperationSource.getCacheOperations(GrailsAnnotationCacheOperationSource.java:104)
	at java.util.concurrent.FutureTask.run(FutureTask.java:266)
	at java.util.concurrent.ThreadPoolExecutor.runWorker(ThreadPoolExecutor.java:1142)
	at java.util.concurrent.ThreadPoolExecutor$Worker.run(ThreadPoolExecutor.java:617)
	at java.lang.Thread.run(Thread.java:745)
2015-07-05 19:32:40,335 [localhost-startStop-1] ERROR StackTrace  - Full Stack Trace:
org.springframework.beans.factory.BeanCreationException: Error creating bean with name 'grailsApplicationPostProcessor': BeanPostProcessor before instantiation of bean failed; nested exception is org.springframework.beans.factory.BeanCreationException: Error creating bean with name 'org.springframework.transaction.config.internalTransactionAdvisor': Cannot resolve reference to bean 'org.springframework.transaction.annotation.AnnotationTransactionAttributeSource#0' while setting bean property 'transactionAttributeSource'; nested exception is org.springframework.beans.factory.BeanCreationException: Error creating bean with name 'org.springframework.transaction.annotation.AnnotationTransactionAttributeSource#0': Initialization of bean failed; nested exception is java.lang.NoSuchMethodError: org.springframework.cache.annotation.CacheAnnotationParser.parseCacheAnnotations(Ljava/lang/reflect/AnnotatedElement;)Ljava/util/Collection;
	at java.util.concurrent.FutureTask.run(FutureTask.java:266)
	at java.util.concurrent.ThreadPoolExecutor.runWorker(ThreadPoolExecutor.java:1142)
	at java.util.concurrent.ThreadPoolExecutor$Worker.run(ThreadPoolExecutor.java:617)
	at java.lang.Thread.run(Thread.java:745)
Caused by: org.springframework.beans.factory.BeanCreationException: Error creating bean with name 'org.springframework.transaction.config.internalTransactionAdvisor': Cannot resolve reference to bean 'org.springframework.transaction.annotation.AnnotationTransactionAttributeSource#0' while setting bean property 'transactionAttributeSource'; nested exception is org.springframework.beans.factory.BeanCreationException: Error creating bean with name 'org.springframework.transaction.annotation.AnnotationTransactionAttributeSource#0': Initialization of bean failed; nested exception is java.lang.NoSuchMethodError: org.springframework.cache.annotation.CacheAnnotationParser.parseCacheAnnotations(Ljava/lang/reflect/AnnotatedElement;)Ljava/util/Collection;
	... 4 more
Caused by: org.springframework.beans.factory.BeanCreationException: Error creating bean with name 'org.springframework.transaction.annotation.AnnotationTransactionAttributeSource#0': Initialization of bean failed; nested exception is java.lang.NoSuchMethodError: org.springframework.cache.annotation.CacheAnnotationParser.parseCacheAnnotations(Ljava/lang/reflect/AnnotatedElement;)Ljava/util/Collection;
	... 4 more
Caused by: java.lang.NoSuchMethodError: org.springframework.cache.annotation.CacheAnnotationParser.parseCacheAnnotations(Ljava/lang/reflect/AnnotatedElement;)Ljava/util/Collection;
	at grails.plugin.cache.GrailsAnnotationCacheOperationSource.determineCacheOperations(GrailsAnnotationCacheOperationSource.java:220)
	at grails.plugin.cache.GrailsAnnotationCacheOperationSource.findCacheOperations(GrailsAnnotationCacheOperationSource.java:203)
	at grails.plugin.cache.GrailsAnnotationCacheOperationSource.computeCacheOperations(GrailsAnnotationCacheOperationSource.java:174)
	at grails.plugin.cache.GrailsAnnotationCacheOperationSource.doGetCacheOperations(GrailsAnnotationCacheOperationSource.java:121)
	at grails.plugin.cache.GrailsAnnotationCacheOperationSource.getCacheOperations(GrailsAnnotationCacheOperationSource.java:104)
	... 4 more
